c:\programming\consolegame\consolegame\build\consolegame.dir\debug\vc145.pdb
c:\programming\consolegame\consolegame\build\consolegame.dir\debug\gamemanager.obj
c:\programming\consolegame\consolegame\build\consolegame.dir\debug\setupandutility.obj
c:\programming\consolegame\consolegame\build\consolegame.dir\debug\mainloop.obj
c:\programming\consolegame\consolegame\build\consolegame.dir\debug\consolegamedata.obj
c:\programming\consolegame\consolegame\build\consolegame.dir\debug\consolegame.obj
c:\programming\consolegame\consolegame\build\consolegame.dir\debug\combat.obj
c:\programming\consolegame\consolegame\build\consolegame.dir\debug\activities.obj
c:\programming\consolegame\consolegame\build\cmakefiles\generate.stamp
c:\programming\consolegame\consolegame\build\debug\consolegame.exe
c:\programming\consolegame\consolegame\build\debug\consolegame.pdb
c:\programming\consolegame\consolegame\build\consolegame.dir\debug\consolegame.ilk
c:\programming\consolegame\consolegame\build\consolegame.dir\debug\consolegame.tlog\cl.command.1.tlog
c:\programming\consolegame\consolegame\build\consolegame.dir\debug\consolegame.tlog\cl.items.tlog
c:\programming\consolegame\consolegame\build\consolegame.dir\debug\consolegame.tlog\cl.read.1.tlog
c:\programming\consolegame\consolegame\build\consolegame.dir\debug\consolegame.tlog\cl.write.1.tlog
c:\programming\consolegame\consolegame\build\consolegame.dir\debug\consolegame.tlog\custombuild.command.1.tlog
c:\programming\consolegame\consolegame\build\consolegame.dir\debug\consolegame.tlog\custombuild.read.1.tlog
c:\programming\consolegame\consolegame\build\consolegame.dir\debug\consolegame.tlog\custombuild.write.1.tlog
c:\programming\consolegame\consolegame\build\consolegame.dir\debug\consolegame.tlog\link.command.1.tlog
c:\programming\consolegame\consolegame\build\consolegame.dir\debug\consolegame.tlog\link.read.1.tlog
c:\programming\consolegame\consolegame\build\consolegame.dir\debug\consolegame.tlog\link.secondary.1.tlog
c:\programming\consolegame\consolegame\build\consolegame.dir\debug\consolegame.tlog\link.write.1.tlog
