c:\programming\consolegame\consolegame\x64\debug\vc145.pdb
c:\programming\consolegame\consolegame\x64\debug\vc145.idb
c:\programming\consolegame\consolegame\x64\debug\consolegame.obj
c:\programming\consolegame\consolegame\x64\debug\consolegame.ilk
c:\programming\consolegame\x64\debug\consolegame.pdb
c:\programming\consolegame\consolegame\x64\debug\consolegame.tlog\cl.command.1.tlog
c:\programming\consolegame\consolegame\x64\debug\consolegame.tlog\cl.items.tlog
c:\programming\consolegame\consolegame\x64\debug\consolegame.tlog\cl.read.1.tlog
c:\programming\consolegame\consolegame\x64\debug\consolegame.tlog\cl.write.1.tlog
c:\programming\consolegame\consolegame\x64\debug\consolegame.tlog\link.32888-cvtres.read.1.tlog
c:\programming\consolegame\consolegame\x64\debug\consolegame.tlog\link.32888-cvtres.write.1.tlog
c:\programming\consolegame\consolegame\x64\debug\consolegame.tlog\link.32888-rc.read.1.tlog
c:\programming\consolegame\consolegame\x64\debug\consolegame.tlog\link.32888-rc.write.1.tlog
c:\programming\consolegame\consolegame\x64\debug\consolegame.tlog\link.32888.read.1.tlog
c:\programming\consolegame\consolegame\x64\debug\consolegame.tlog\link.32888.read.2.tlog
c:\programming\consolegame\consolegame\x64\debug\consolegame.tlog\link.32888.read.3.tlog
c:\programming\consolegame\consolegame\x64\debug\consolegame.tlog\link.32888.read.4.tlog
c:\programming\consolegame\consolegame\x64\debug\consolegame.tlog\link.32888.read.6.tlog
c:\programming\consolegame\consolegame\x64\debug\consolegame.tlog\link.32888.write.1.tlog
c:\programming\consolegame\consolegame\x64\debug\consolegame.tlog\link.command.1.tlog
c:\programming\consolegame\consolegame\x64\debug\consolegame.tlog\link.read.1.tlog
c:\programming\consolegame\consolegame\x64\debug\consolegame.tlog\link.secondary.1.tlog
c:\programming\consolegame\consolegame\x64\debug\consolegame.tlog\link.write.1.tlog
